<?xml version="1.0" encoding="UTF-8"?>
<!-- Generated by org.testng.reporters.JUnitXMLReporter -->
<testsuite hostname="DESKTOP-UOSJI6I" ignored="0" name="Test" tests="12" failures="1" timestamp="2021-07-27T15:57:53 IST" time="15.563" errors="0">
  <testcase name="@BeforeMethod setup" time="3.005" classname="testcases.HomepageTest">
    <failure type="java.lang.NullPointerException">
      <![CDATA[java.lang.NullPointerException
at utils.WebListener.beforeFindBy(WebListener.java:75)
at org.openqa.selenium.support.events.EventFiringWebDriver.lambda$new$0(EventFiringWebDriver.java:84)
at com.sun.proxy.$Proxy9.beforeFindBy(Unknown Source)
at org.openqa.selenium.support.events.EventFiringWebDriver.findElement(EventFiringWebDriver.java:193)
at org.openqa.selenium.support.pagefactory.DefaultElementLocator.findElement(DefaultElementLocator.java:69)
at org.openqa.selenium.support.pagefactory.internal.LocatingElementHandler.invoke(LocatingElementHandler.java:38)
at com.sun.proxy.$Proxy14.sendKeys(Unknown Source)
at pages.LoginPage.loginDetails(LoginPage.java:25)
at testcases.HomepageTest.setup(HomepageTest.java:33)
at java.util.ArrayList.forEach(Unknown Source)
... Removed 35 stack frames]]>
    </failure>
  </testcase> <!-- @BeforeMethod setup -->
  <testcase name="@AfterMethod setupClose" time="-1.627381669285E9" classname="testcases.HomepageTest">
    <skipped/>
  </testcase> <!-- @AfterMethod setupClose -->
  <testcase name="@BeforeMethod setup" time="-1.627381669288E9" classname="testcases.HomepageTest">
    <skipped/>
  </testcase> <!-- @BeforeMethod setup -->
  <testcase name="@AfterMethod setupClose" time="-1.627381669296E9" classname="testcases.HomepageTest">
    <skipped/>
  </testcase> <!-- @AfterMethod setupClose -->
  <testcase name="@BeforeMethod setup" time="-1.627381669299E9" classname="testcases.HomepageTest">
    <skipped/>
  </testcase> <!-- @BeforeMethod setup -->
  <testcase name="@AfterMethod setupClose" time="-1.627381669305E9" classname="testcases.HomepageTest">
    <skipped/>
  </testcase> <!-- @AfterMethod setupClose -->
  <testcase name="@BeforeMethod setup" time="-1.627381669307E9" classname="testcases.HomepageTest">
    <skipped/>
  </testcase> <!-- @BeforeMethod setup -->
  <testcase name="@AfterMethod setupClose" time="-1.627381669315E9" classname="testcases.HomepageTest">
    <skipped/>
  </testcase> <!-- @AfterMethod setupClose -->
  <testcase name="@BeforeMethod setup" time="-1.627381669317E9" classname="testcases.HomepageTest">
    <skipped/>
  </testcase> <!-- @BeforeMethod setup -->
  <testcase name="@AfterMethod setupClose" time="-1.627381669321E9" classname="testcases.HomepageTest">
    <skipped/>
  </testcase> <!-- @AfterMethod setupClose -->
  <testcase name="@BeforeMethod setup" time="-1.627381669325E9" classname="testcases.HomepageTest">
    <skipped/>
  </testcase> <!-- @BeforeMethod setup -->
  <testcase name="@AfterMethod setupClose" time="-1.627381669348E9" classname="testcases.HomepageTest">
    <skipped/>
  </testcase> <!-- @AfterMethod setupClose -->
  <testcase name="@BeforeMethod setup" time="-1.627381669366E9" classname="testcases.HomepageTest">
    <skipped/>
  </testcase> <!-- @BeforeMethod setup -->
  <testcase name="@AfterMethod setupClose" time="-1.62738166938E9" classname="testcases.HomepageTest">
    <skipped/>
  </testcase> <!-- @AfterMethod setupClose -->
  <testcase name="@BeforeMethod setup" time="3.972" classname="testcases.SauceLabsMainWebsiteTest">
    <failure type="java.lang.NullPointerException">
      <![CDATA[java.lang.NullPointerException
at utils.WebListener.beforeFindBy(WebListener.java:75)
at org.openqa.selenium.support.events.EventFiringWebDriver.lambda$new$0(EventFiringWebDriver.java:84)
at com.sun.proxy.$Proxy9.beforeFindBy(Unknown Source)
at org.openqa.selenium.support.events.EventFiringWebDriver.findElement(EventFiringWebDriver.java:193)
at org.openqa.selenium.support.pagefactory.DefaultElementLocator.findElement(DefaultElementLocator.java:69)
at org.openqa.selenium.support.pagefactory.internal.LocatingElementHandler.invoke(LocatingElementHandler.java:38)
at com.sun.proxy.$Proxy14.sendKeys(Unknown Source)
at pages.LoginPage.loginDetails(LoginPage.java:25)
at testcases.SauceLabsMainWebsiteTest.setup(SauceLabsMainWebsiteTest.java:28)
at java.util.ArrayList.forEach(Unknown Source)
... Removed 35 stack frames]]>
    </failure>
  </testcase> <!-- @BeforeMethod setup -->
  <testcase name="@AfterMethod closeSetup" time="-1.627381673363E9" classname="testcases.SauceLabsMainWebsiteTest">
    <skipped/>
  </testcase> <!-- @AfterMethod closeSetup -->
  <testcase name="@BeforeMethod setup" time="-1.627381673367E9" classname="testcases.SauceLabsMainWebsiteTest">
    <skipped/>
  </testcase> <!-- @BeforeMethod setup -->
  <testcase name="@AfterMethod closeSetup" time="-1.627381673374E9" classname="testcases.SauceLabsMainWebsiteTest">
    <skipped/>
  </testcase> <!-- @AfterMethod closeSetup -->
  <testcase name="@BeforeMethod setup" time="-1.627381673376E9" classname="testcases.SauceLabsMainWebsiteTest">
    <skipped/>
  </testcase> <!-- @BeforeMethod setup -->
  <testcase name="@AfterMethod closeSetup" time="-1.627381673381E9" classname="testcases.SauceLabsMainWebsiteTest">
    <skipped/>
  </testcase> <!-- @AfterMethod closeSetup -->
  <testcase name="logintoWebsiteTest" time="0.01" classname="testcases.LoginTest">
    <failure type="java.lang.NullPointerException">
      <![CDATA[java.lang.NullPointerException
at utils.WebListener.beforeFindBy(WebListener.java:75)
at org.openqa.selenium.support.events.EventFiringWebDriver.lambda$new$0(EventFiringWebDriver.java:84)
at com.sun.proxy.$Proxy9.beforeFindBy(Unknown Source)
at org.openqa.selenium.support.events.EventFiringWebDriver.findElement(EventFiringWebDriver.java:193)
at org.openqa.selenium.support.pagefactory.DefaultElementLocator.findElement(DefaultElementLocator.java:69)
at org.openqa.selenium.support.pagefactory.internal.LocatingElementHandler.invoke(LocatingElementHandler.java:38)
at com.sun.proxy.$Proxy14.sendKeys(Unknown Source)
at pages.LoginPage.loginDetails(LoginPage.java:25)
at testcases.LoginTest.logintoWebsiteTest(LoginTest.java:35)
at java.util.ArrayList.forEach(Unknown Source)
... Removed 31 stack frames]]>
    </failure>
  </testcase> <!-- logintoWebsiteTest -->
  <testcase name="verifyingLoginTitleTest" time="0.031" classname="testcases.LoginTest"/>
  <testcase name="checkingOutTest" time="0.0" classname="testcases.HomepageTest">
    <skipped/>
  </testcase> <!-- checkingOutTest -->
  <testcase name="checkingOutTest" time="0.0" classname="testcases.HomepageTest">
    <skipped/>
  </testcase> <!-- checkingOutTest -->
  <testcase name="checkingOutTest" time="0.0" classname="testcases.HomepageTest">
    <skipped/>
  </testcase> <!-- checkingOutTest -->
  <testcase name="checkingOutTest" time="0.0" classname="testcases.HomepageTest">
    <skipped/>
  </testcase> <!-- checkingOutTest -->
  <testcase name="logoutTest" time="0.0" classname="testcases.HomepageTest">
    <skipped/>
  </testcase> <!-- logoutTest -->
  <testcase name="navigateToMainWebsiteTest" time="0.0" classname="testcases.HomepageTest">
    <skipped/>
  </testcase> <!-- navigateToMainWebsiteTest -->
  <testcase name="validatingHomepageTitleTest" time="0.0" classname="testcases.HomepageTest">
    <skipped/>
  </testcase> <!-- validatingHomepageTitleTest -->
  <testcase name="VerifingSauceTitleTest" time="0.0" classname="testcases.SauceLabsMainWebsiteTest">
    <skipped/>
  </testcase> <!-- VerifingSauceTitleTest -->
  <testcase name="navigateToReadMorePageTest" time="0.0" classname="testcases.SauceLabsMainWebsiteTest">
    <skipped/>
  </testcase> <!-- navigateToReadMorePageTest -->
  <testcase name="navigateToPricingTest" time="0.0" classname="testcases.SauceLabsMainWebsiteTest">
    <skipped/>
  </testcase> <!-- navigateToPricingTest -->
</testsuite> <!-- Test -->
