<?xml version="1.0" encoding="UTF-8"?>
<!-- Generated by org.testng.reporters.JUnitXMLReporter -->
<testsuite ignored="0" hostname="DESKTOP-UOSJI6I" failures="1" tests="12" name="Command line test" time="156.212" errors="0" timestamp="2021-07-30T12:16:03 IST">
  <testcase classname="testcases.HomepageTest" name="checkingOutTest" time="5.955"/>
  <testcase classname="testcases.HomepageTest" name="checkingOutTest" time="5.764"/>
  <testcase classname="testcases.HomepageTest" name="checkingOutTest" time="5.819"/>
  <testcase classname="testcases.HomepageTest" name="checkingOutTest" time="5.708"/>
  <testcase classname="testcases.HomepageTest" name="logoutTest" time="4.268"/>
  <testcase classname="testcases.HomepageTest" name="navigateToMainWebsiteTest" time="22.926"/>
  <testcase classname="testcases.HomepageTest" name="validatingHomepageTitleTest" time="0.031"/>
  <testcase classname="testcases.LoginTest" name="logintoWebsiteTest" time="3.307"/>
  <testcase classname="testcases.LoginTest" name="verifyingLoginTitleTest" time="0.012"/>
  <testcase classname="testcases.SauceLabsMainWebsiteTest" name="VerifingSauceTitleTest" time="0.009">
    <failure type="java.lang.AssertionError" message="Title did not match expected [Cross Browser Testing, Selenium Testing, Mobile Testing | Sauce Lab] but found [Cross Browser Testing, Selenium Testing, Mobile Testing | Sauce Labs]">
      <![CDATA[java.lang.AssertionError: Title did not match expected [Cross Browser Testing, Selenium Testing, Mobile Testing | Sauce Lab] but found [Cross Browser Testing, Selenium Testing, Mobile Testing | Sauce Labs]
at testcases.SauceLabsMainWebsiteTest.VerifingSauceTitleTest(SauceLabsMainWebsiteTest.java:38)
at java.base/java.util.ArrayList.forEach(ArrayList.java:1541)
... Removed 42 stack frames]]>
    </failure>
  </testcase> <!-- VerifingSauceTitleTest -->
  <testcase classname="testcases.SauceLabsMainWebsiteTest" name="navigateToReadMorePageTest" time="11.963">
    <skipped/>
  </testcase> <!-- navigateToReadMorePageTest -->
  <testcase classname="testcases.SauceLabsMainWebsiteTest" name="navigateToPricingTest" time="6.917"/>
</testsuite> <!-- Command line test -->
