<?xml version="1.0" encoding="UTF-8"?>
<testng-results ignored="0" total="12" passed="10" failed="1" skipped="1">
  <reporter-output>
  </reporter-output>
  <suite started-at="2021-07-30T12:13:27 IST" name="Command line suite" finished-at="2021-07-30T12:16:03 IST" duration-ms="156212">
    <groups>
    </groups>
    <test started-at="2021-07-30T12:13:27 IST" name="Command line test" finished-at="2021-07-30T12:16:03 IST" duration-ms="156212">
      <class name="testcases.HomepageTest">
        <test-method is-config="true" signature="setup()[pri:0, instance:testcases.HomepageTest@74fe5c40]" started-at="2021-07-30T12:13:27 IST" name="setup" finished-at="2021-07-30T12:13:35 IST" duration-ms="7846" status="PASS">
          <reporter-output>
          </reporter-output>
        </test-method> <!-- setup -->
        <test-method signature="checkingOutTest(java.lang.String,java.lang.String,java.lang.String)[pri:0, instance:testcases.HomepageTest@74fe5c40]" started-at="2021-07-30T12:13:35 IST" name="checkingOutTest" data-provider="getCheckoutTestData" finished-at="2021-07-30T12:13:41 IST" duration-ms="5955" status="PASS">
          <params>
            <param index="0">
              <value>
                <![CDATA[John]]>
              </value>
            </param>
            <param index="1">
              <value>
                <![CDATA[Doe]]>
              </value>
            </param>
            <param index="2">
              <value>
                <![CDATA[200123.0]]>
              </value>
            </param>
          </params>
          <reporter-output>
          </reporter-output>
        </test-method> <!-- checkingOutTest -->
        <test-method is-config="true" signature="setupClose()[pri:0, instance:testcases.HomepageTest@74fe5c40]" started-at="2021-07-30T12:13:41 IST" name="setupClose" finished-at="2021-07-30T12:13:41 IST" duration-ms="108" status="PASS">
          <reporter-output>
          </reporter-output>
        </test-method> <!-- setupClose -->
        <test-method is-config="true" signature="setup()[pri:0, instance:testcases.HomepageTest@74fe5c40]" started-at="2021-07-30T12:13:41 IST" name="setup" finished-at="2021-07-30T12:13:44 IST" duration-ms="3037" status="PASS">
          <reporter-output>
          </reporter-output>
        </test-method> <!-- setup -->
        <test-method signature="checkingOutTest(java.lang.String,java.lang.String,java.lang.String)[pri:0, instance:testcases.HomepageTest@74fe5c40]" started-at="2021-07-30T12:13:44 IST" name="checkingOutTest" data-provider="getCheckoutTestData" finished-at="2021-07-30T12:13:50 IST" duration-ms="5764" status="PASS">
          <params>
            <param index="0">
              <value>
                <![CDATA[Jane]]>
              </value>
            </param>
            <param index="1">
              <value>
                <![CDATA[Doe]]>
              </value>
            </param>
            <param index="2">
              <value>
                <![CDATA[200124.0]]>
              </value>
            </param>
          </params>
          <reporter-output>
          </reporter-output>
        </test-method> <!-- checkingOutTest -->
        <test-method is-config="true" signature="setupClose()[pri:0, instance:testcases.HomepageTest@74fe5c40]" started-at="2021-07-30T12:13:50 IST" name="setupClose" finished-at="2021-07-30T12:13:50 IST" duration-ms="92" status="PASS">
          <reporter-output>
          </reporter-output>
        </test-method> <!-- setupClose -->
        <test-method is-config="true" signature="setup()[pri:0, instance:testcases.HomepageTest@74fe5c40]" started-at="2021-07-30T12:13:50 IST" name="setup" finished-at="2021-07-30T12:13:53 IST" duration-ms="2964" status="PASS">
          <reporter-output>
          </reporter-output>
        </test-method> <!-- setup -->
        <test-method signature="checkingOutTest(java.lang.String,java.lang.String,java.lang.String)[pri:0, instance:testcases.HomepageTest@74fe5c40]" started-at="2021-07-30T12:13:53 IST" name="checkingOutTest" data-provider="getCheckoutTestData" finished-at="2021-07-30T12:13:59 IST" duration-ms="5819" status="PASS">
          <params>
            <param index="0">
              <value>
                <![CDATA[Layla ]]>
              </value>
            </param>
            <param index="1">
              <value>
                <![CDATA[Manju]]>
              </value>
            </param>
            <param index="2">
              <value>
                <![CDATA[100213.0]]>
              </value>
            </param>
          </params>
          <reporter-output>
          </reporter-output>
        </test-method> <!-- checkingOutTest -->
        <test-method is-config="true" signature="setupClose()[pri:0, instance:testcases.HomepageTest@74fe5c40]" started-at="2021-07-30T12:13:59 IST" name="setupClose" finished-at="2021-07-30T12:13:59 IST" duration-ms="182" status="PASS">
          <reporter-output>
          </reporter-output>
        </test-method> <!-- setupClose -->
        <test-method is-config="true" signature="setup()[pri:0, instance:testcases.HomepageTest@74fe5c40]" started-at="2021-07-30T12:13:59 IST" name="setup" finished-at="2021-07-30T12:14:03 IST" duration-ms="3595" status="PASS">
          <reporter-output>
          </reporter-output>
        </test-method> <!-- setup -->
        <test-method signature="checkingOutTest(java.lang.String,java.lang.String,java.lang.String)[pri:0, instance:testcases.HomepageTest@74fe5c40]" started-at="2021-07-30T12:14:03 IST" name="checkingOutTest" data-provider="getCheckoutTestData" finished-at="2021-07-30T12:14:08 IST" duration-ms="5708" status="PASS">
          <params>
            <param index="0">
              <value>
                <![CDATA[Romeo]]>
              </value>
            </param>
            <param index="1">
              <value>
                <![CDATA[Juliet]]>
              </value>
            </param>
            <param index="2">
              <value>
                <![CDATA[100567.0]]>
              </value>
            </param>
          </params>
          <reporter-output>
          </reporter-output>
        </test-method> <!-- checkingOutTest -->
        <test-method is-config="true" signature="setupClose()[pri:0, instance:testcases.HomepageTest@74fe5c40]" started-at="2021-07-30T12:14:08 IST" name="setupClose" finished-at="2021-07-30T12:14:09 IST" duration-ms="126" status="PASS">
          <reporter-output>
          </reporter-output>
        </test-method> <!-- setupClose -->
        <test-method is-config="true" signature="setup()[pri:0, instance:testcases.HomepageTest@74fe5c40]" started-at="2021-07-30T12:14:09 IST" name="setup" finished-at="2021-07-30T12:14:12 IST" duration-ms="3126" status="PASS">
          <reporter-output>
          </reporter-output>
        </test-method> <!-- setup -->
        <test-method signature="logoutTest()[pri:0, instance:testcases.HomepageTest@74fe5c40]" started-at="2021-07-30T12:14:12 IST" name="logoutTest" finished-at="2021-07-30T12:14:16 IST" duration-ms="4268" status="PASS">
          <reporter-output>
          </reporter-output>
        </test-method> <!-- logoutTest -->
        <test-method is-config="true" signature="setupClose()[pri:0, instance:testcases.HomepageTest@74fe5c40]" started-at="2021-07-30T12:14:16 IST" name="setupClose" finished-at="2021-07-30T12:14:16 IST" duration-ms="130" status="PASS">
          <reporter-output>
          </reporter-output>
        </test-method> <!-- setupClose -->
        <test-method is-config="true" signature="setup()[pri:0, instance:testcases.HomepageTest@74fe5c40]" started-at="2021-07-30T12:14:16 IST" name="setup" finished-at="2021-07-30T12:14:19 IST" duration-ms="3220" status="PASS">
          <reporter-output>
          </reporter-output>
        </test-method> <!-- setup -->
        <test-method signature="navigateToMainWebsiteTest()[pri:0, instance:testcases.HomepageTest@74fe5c40]" started-at="2021-07-30T12:14:19 IST" name="navigateToMainWebsiteTest" finished-at="2021-07-30T12:14:42 IST" duration-ms="22926" status="PASS">
          <reporter-output>
          </reporter-output>
        </test-method> <!-- navigateToMainWebsiteTest -->
        <test-method is-config="true" signature="setupClose()[pri:0, instance:testcases.HomepageTest@74fe5c40]" started-at="2021-07-30T12:14:42 IST" name="setupClose" finished-at="2021-07-30T12:14:46 IST" duration-ms="4181" status="PASS">
          <reporter-output>
          </reporter-output>
        </test-method> <!-- setupClose -->
        <test-method is-config="true" signature="setup()[pri:0, instance:testcases.HomepageTest@74fe5c40]" started-at="2021-07-30T12:14:46 IST" name="setup" finished-at="2021-07-30T12:14:49 IST" duration-ms="2775" status="PASS">
          <reporter-output>
          </reporter-output>
        </test-method> <!-- setup -->
        <test-method signature="validatingHomepageTitleTest()[pri:0, instance:testcases.HomepageTest@74fe5c40]" started-at="2021-07-30T12:14:49 IST" name="validatingHomepageTitleTest" finished-at="2021-07-30T12:14:49 IST" duration-ms="31" status="PASS">
          <reporter-output>
          </reporter-output>
        </test-method> <!-- validatingHomepageTitleTest -->
        <test-method is-config="true" signature="setupClose()[pri:0, instance:testcases.HomepageTest@74fe5c40]" started-at="2021-07-30T12:14:49 IST" name="setupClose" finished-at="2021-07-30T12:14:49 IST" duration-ms="84" status="PASS">
          <reporter-output>
          </reporter-output>
        </test-method> <!-- setupClose -->
      </class> <!-- testcases.HomepageTest -->
      <class name="testcases.SauceLabsMainWebsiteTest">
        <test-method is-config="true" signature="setup()[pri:0, instance:testcases.SauceLabsMainWebsiteTest@7b2bbc3]" started-at="2021-07-30T12:14:59 IST" name="setup" finished-at="2021-07-30T12:15:09 IST" duration-ms="10068" status="PASS">
          <reporter-output>
          </reporter-output>
        </test-method> <!-- setup -->
        <test-method signature="VerifingSauceTitleTest()[pri:1, instance:testcases.SauceLabsMainWebsiteTest@7b2bbc3]" started-at="2021-07-30T12:15:09 IST" name="VerifingSauceTitleTest" finished-at="2021-07-30T12:15:09 IST" duration-ms="9" status="FAIL">
          <exception class="java.lang.AssertionError">
            <message>
              <![CDATA[Title did not match expected [Cross Browser Testing, Selenium Testing, Mobile Testing | Sauce Lab] but found [Cross Browser Testing, Selenium Testing, Mobile Testing | Sauce Labs]]]>
            </message>
            <full-stacktrace>
              <![CDATA[java.lang.AssertionError: Title did not match expected [Cross Browser Testing, Selenium Testing, Mobile Testing | Sauce Lab] but found [Cross Browser Testing, Selenium Testing, Mobile Testing | Sauce Labs]
at org.testng.Assert.fail(Assert.java:99)
at org.testng.Assert.failNotEquals(Assert.java:1037)
at org.testng.Assert.assertEqualsImpl(Assert.java:140)
at org.testng.Assert.assertEquals(Assert.java:122)
at org.testng.Assert.assertEquals(Assert.java:629)
at testcases.SauceLabsMainWebsiteTest.VerifingSauceTitleTest(SauceLabsMainWebsiteTest.java:38)
at java.base/jdk.internal.reflect.NativeMethodAccessorImpl.invoke0(Native Method)
at java.base/jdk.internal.reflect.NativeMethodAccessorImpl.invoke(NativeMethodAccessorImpl.java:62)
at java.base/jdk.internal.reflect.DelegatingMethodAccessorImpl.invoke(DelegatingMethodAccessorImpl.java:43)
at java.base/java.lang.reflect.Method.invoke(Method.java:566)
at org.testng.internal.MethodInvocationHelper.invokeMethod(MethodInvocationHelper.java:133)
at org.testng.internal.TestInvoker.invokeMethod(TestInvoker.java:598)
at org.testng.internal.TestInvoker.invokeTestMethod(TestInvoker.java:173)
at org.testng.internal.MethodRunner.runInSequence(MethodRunner.java:46)
at org.testng.internal.TestInvoker$MethodInvocationAgent.invoke(TestInvoker.java:824)
at org.testng.internal.TestInvoker.invokeTestMethods(TestInvoker.java:146)
at org.testng.internal.TestMethodWorker.invokeTestMethods(TestMethodWorker.java:146)
at org.testng.internal.TestMethodWorker.run(TestMethodWorker.java:128)
at java.base/java.util.ArrayList.forEach(ArrayList.java:1541)
at org.testng.TestRunner.privateRun(TestRunner.java:794)
at org.testng.TestRunner.run(TestRunner.java:596)
at org.testng.SuiteRunner.runTest(SuiteRunner.java:377)
at org.testng.SuiteRunner.runSequentially(SuiteRunner.java:371)
at org.testng.SuiteRunner.privateRun(SuiteRunner.java:332)
at org.testng.SuiteRunner.run(SuiteRunner.java:276)
at org.testng.SuiteRunnerWorker.runSuite(SuiteRunnerWorker.java:53)
at org.testng.SuiteRunnerWorker.run(SuiteRunnerWorker.java:96)
at org.testng.TestNG.runSuitesSequentially(TestNG.java:1212)
at org.testng.TestNG.runSuitesLocally(TestNG.java:1134)
at org.testng.TestNG.runSuites(TestNG.java:1063)
at org.testng.TestNG.run(TestNG.java:1031)
at org.apache.maven.surefire.testng.TestNGExecutor.run(TestNGExecutor.java:77)
at org.apache.maven.surefire.testng.TestNGDirectoryTestSuite.executeMulti(TestNGDirectoryTestSuite.java:159)
at org.apache.maven.surefire.testng.TestNGDirectoryTestSuite.execute(TestNGDirectoryTestSuite.java:99)
at org.apache.maven.surefire.testng.TestNGProvider.invoke(TestNGProvider.java:106)
at java.base/jdk.internal.reflect.NativeMethodAccessorImpl.invoke0(Native Method)
at java.base/jdk.internal.reflect.NativeMethodAccessorImpl.invoke(NativeMethodAccessorImpl.java:62)
at java.base/jdk.internal.reflect.DelegatingMethodAccessorImpl.invoke(DelegatingMethodAccessorImpl.java:43)
at java.base/java.lang.reflect.Method.invoke(Method.java:566)
at org.apache.maven.surefire.util.ReflectionUtils.invokeMethodWithArray(ReflectionUtils.java:189)
at org.apache.maven.surefire.booter.ProviderFactory$ProviderProxy.invoke(ProviderFactory.java:165)
at org.apache.maven.surefire.booter.ProviderFactory.invokeProvider(ProviderFactory.java:85)
at org.apache.maven.surefire.booter.ForkedBooter.runSuitesInProcess(ForkedBooter.java:115)
at org.apache.maven.surefire.booter.ForkedBooter.main(ForkedBooter.java:75)
]]>
            </full-stacktrace>
          </exception> <!-- java.lang.AssertionError -->
          <reporter-output>
          </reporter-output>
        </test-method> <!-- VerifingSauceTitleTest -->
        <test-method is-config="true" signature="closeSetup()[pri:0, instance:testcases.SauceLabsMainWebsiteTest@7b2bbc3]" started-at="2021-07-30T12:15:09 IST" name="closeSetup" finished-at="2021-07-30T12:15:13 IST" duration-ms="4171" status="PASS">
          <reporter-output>
          </reporter-output>
        </test-method> <!-- closeSetup -->
        <test-method is-config="true" signature="setup()[pri:0, instance:testcases.SauceLabsMainWebsiteTest@7b2bbc3]" started-at="2021-07-30T12:15:13 IST" name="setup" finished-at="2021-07-30T12:15:22 IST" duration-ms="8346" status="PASS">
          <reporter-output>
          </reporter-output>
        </test-method> <!-- setup -->
        <test-method signature="navigateToReadMorePageTest()[pri:2, instance:testcases.SauceLabsMainWebsiteTest@7b2bbc3]" started-at="2021-07-30T12:15:22 IST" name="navigateToReadMorePageTest" finished-at="2021-07-30T12:15:34 IST" duration-ms="11963" status="SKIP">
          <exception class="org.testng.SkipException">
            <message>
              <![CDATA[Skipping this testcase intentionally]]>
            </message>
            <full-stacktrace>
              <![CDATA[org.testng.SkipException: Skipping this testcase intentionally
at testcases.SauceLabsMainWebsiteTest.navigateToReadMorePageTest(SauceLabsMainWebsiteTest.java:52)
at java.base/jdk.internal.reflect.NativeMethodAccessorImpl.invoke0(Native Method)
at java.base/jdk.internal.reflect.NativeMethodAccessorImpl.invoke(NativeMethodAccessorImpl.java:62)
at java.base/jdk.internal.reflect.DelegatingMethodAccessorImpl.invoke(DelegatingMethodAccessorImpl.java:43)
at java.base/java.lang.reflect.Method.invoke(Method.java:566)
at org.testng.internal.MethodInvocationHelper.invokeMethod(MethodInvocationHelper.java:133)
at org.testng.internal.TestInvoker.invokeMethod(TestInvoker.java:598)
at org.testng.internal.TestInvoker.invokeTestMethod(TestInvoker.java:173)
at org.testng.internal.MethodRunner.runInSequence(MethodRunner.java:46)
at org.testng.internal.TestInvoker$MethodInvocationAgent.invoke(TestInvoker.java:824)
at org.testng.internal.TestInvoker.invokeTestMethods(TestInvoker.java:146)
at org.testng.internal.TestMethodWorker.invokeTestMethods(TestMethodWorker.java:146)
at org.testng.internal.TestMethodWorker.run(TestMethodWorker.java:128)
at java.base/java.util.ArrayList.forEach(ArrayList.java:1541)
at org.testng.TestRunner.privateRun(TestRunner.java:794)
at org.testng.TestRunner.run(TestRunner.java:596)
at org.testng.SuiteRunner.runTest(SuiteRunner.java:377)
at org.testng.SuiteRunner.runSequentially(SuiteRunner.java:371)
at org.testng.SuiteRunner.privateRun(SuiteRunner.java:332)
at org.testng.SuiteRunner.run(SuiteRunner.java:276)
at org.testng.SuiteRunnerWorker.runSuite(SuiteRunnerWorker.java:53)
at org.testng.SuiteRunnerWorker.run(SuiteRunnerWorker.java:96)
at org.testng.TestNG.runSuitesSequentially(TestNG.java:1212)
at org.testng.TestNG.runSuitesLocally(TestNG.java:1134)
at org.testng.TestNG.runSuites(TestNG.java:1063)
at org.testng.TestNG.run(TestNG.java:1031)
at org.apache.maven.surefire.testng.TestNGExecutor.run(TestNGExecutor.java:77)
at org.apache.maven.surefire.testng.TestNGDirectoryTestSuite.executeMulti(TestNGDirectoryTestSuite.java:159)
at org.apache.maven.surefire.testng.TestNGDirectoryTestSuite.execute(TestNGDirectoryTestSuite.java:99)
at org.apache.maven.surefire.testng.TestNGProvider.invoke(TestNGProvider.java:106)
at java.base/jdk.internal.reflect.NativeMethodAccessorImpl.invoke0(Native Method)
at java.base/jdk.internal.reflect.NativeMethodAccessorImpl.invoke(NativeMethodAccessorImpl.java:62)
at java.base/jdk.internal.reflect.DelegatingMethodAccessorImpl.invoke(DelegatingMethodAccessorImpl.java:43)
at java.base/java.lang.reflect.Method.invoke(Method.java:566)
at org.apache.maven.surefire.util.ReflectionUtils.invokeMethodWithArray(ReflectionUtils.java:189)
at org.apache.maven.surefire.booter.ProviderFactory$ProviderProxy.invoke(ProviderFactory.java:165)
at org.apache.maven.surefire.booter.ProviderFactory.invokeProvider(ProviderFactory.java:85)
at org.apache.maven.surefire.booter.ForkedBooter.runSuitesInProcess(ForkedBooter.java:115)
at org.apache.maven.surefire.booter.ForkedBooter.main(ForkedBooter.java:75)
]]>
            </full-stacktrace>
          </exception> <!-- org.testng.SkipException -->
          <reporter-output>
          </reporter-output>
        </test-method> <!-- navigateToReadMorePageTest -->
        <test-method is-config="true" signature="closeSetup()[pri:0, instance:testcases.SauceLabsMainWebsiteTest@7b2bbc3]" started-at="2021-07-30T12:15:34 IST" name="closeSetup" finished-at="2021-07-30T12:15:38 IST" duration-ms="4187" status="PASS">
          <reporter-output>
          </reporter-output>
        </test-method> <!-- closeSetup -->
        <test-method is-config="true" signature="setup()[pri:0, instance:testcases.SauceLabsMainWebsiteTest@7b2bbc3]" started-at="2021-07-30T12:15:38 IST" name="setup" finished-at="2021-07-30T12:15:52 IST" duration-ms="13951" status="PASS">
          <reporter-output>
          </reporter-output>
        </test-method> <!-- setup -->
        <test-method signature="navigateToPricingTest()[pri:3, instance:testcases.SauceLabsMainWebsiteTest@7b2bbc3]" started-at="2021-07-30T12:15:52 IST" name="navigateToPricingTest" finished-at="2021-07-30T12:15:59 IST" duration-ms="6917" status="PASS">
          <reporter-output>
          </reporter-output>
        </test-method> <!-- navigateToPricingTest -->
        <test-method is-config="true" signature="closeSetup()[pri:0, instance:testcases.SauceLabsMainWebsiteTest@7b2bbc3]" started-at="2021-07-30T12:15:59 IST" name="closeSetup" finished-at="2021-07-30T12:16:03 IST" duration-ms="4191" status="PASS">
          <reporter-output>
          </reporter-output>
        </test-method> <!-- closeSetup -->
      </class> <!-- testcases.SauceLabsMainWebsiteTest -->
      <class name="testcases.LoginTest">
        <test-method is-config="true" signature="setup()[pri:0, instance:testcases.LoginTest@4c583ecf]" started-at="2021-07-30T12:14:49 IST" name="setup" finished-at="2021-07-30T12:14:52 IST" duration-ms="2812" status="PASS">
          <reporter-output>
          </reporter-output>
        </test-method> <!-- setup -->
        <test-method signature="logintoWebsiteTest()[pri:0, instance:testcases.LoginTest@4c583ecf]" started-at="2021-07-30T12:14:52 IST" name="logintoWebsiteTest" finished-at="2021-07-30T12:14:55 IST" duration-ms="3307" status="PASS">
          <reporter-output>
          </reporter-output>
        </test-method> <!-- logintoWebsiteTest -->
        <test-method is-config="true" signature="closingSetup()[pri:0, instance:testcases.LoginTest@4c583ecf]" started-at="2021-07-30T12:14:55 IST" name="closingSetup" finished-at="2021-07-30T12:14:56 IST" duration-ms="92" status="PASS">
          <reporter-output>
          </reporter-output>
        </test-method> <!-- closingSetup -->
        <test-method is-config="true" signature="setup()[pri:0, instance:testcases.LoginTest@4c583ecf]" started-at="2021-07-30T12:14:56 IST" name="setup" finished-at="2021-07-30T12:14:59 IST" duration-ms="3153" status="PASS">
          <reporter-output>
          </reporter-output>
        </test-method> <!-- setup -->
        <test-method signature="verifyingLoginTitleTest()[pri:0, instance:testcases.LoginTest@4c583ecf]" started-at="2021-07-30T12:14:59 IST" name="verifyingLoginTitleTest" finished-at="2021-07-30T12:14:59 IST" duration-ms="12" status="PASS">
          <reporter-output>
          </reporter-output>
        </test-method> <!-- verifyingLoginTitleTest -->
        <test-method is-config="true" signature="closingSetup()[pri:0, instance:testcases.LoginTest@4c583ecf]" started-at="2021-07-30T12:14:59 IST" name="closingSetup" finished-at="2021-07-30T12:14:59 IST" duration-ms="211" status="PASS">
          <reporter-output>
          </reporter-output>
        </test-method> <!-- closingSetup -->
      </class> <!-- testcases.LoginTest -->
    </test> <!-- Command line test -->
  </suite> <!-- Command line suite -->
</testng-results>
