<?xml version="1.0" encoding="UTF-8"?>
<!-- Generated by org.testng.reporters.JUnitXMLReporter -->
<testsuite hostname="DESKTOP-UOSJI6I" ignored="0" name="Test" tests="17" failures="1" timestamp="2021-08-10T16:00:46 IST" time="330.459" errors="0">
  <testcase name="logintoWebsiteTest" time="3.555" classname="testcases.LoginTest"/>
  <testcase name="verifyingLoginTitleTest" time="0.026" classname="testcases.LoginTest"/>
  <testcase name="checkingOutTest" time="5.929" classname="testcases.HomepageTest"/>
  <testcase name="checkingOutTest" time="5.811" classname="testcases.HomepageTest"/>
  <testcase name="checkingOutTest" time="5.741" classname="testcases.HomepageTest"/>
  <testcase name="checkingOutTest" time="5.768" classname="testcases.HomepageTest"/>
  <testcase name="logoutTest" time="4.297" classname="testcases.HomepageTest"/>
  <testcase name="navigateToMainWebsiteTest" time="25.701" classname="testcases.HomepageTest"/>
  <testcase name="validatingHomepageTitleTest" time="0.028" classname="testcases.HomepageTest"/>
  <testcase name="navigateToCrossBrowserTest" time="7.042" classname="testcases.SauceLabsMainWebsiteTest"/>
  <testcase name="VerifingSauceTitleTest" time="0.014" classname="testcases.SauceLabsMainWebsiteTest">
    <failure type="java.lang.AssertionError" message="Title did not match expected [Cross Browser Testing, Selenium Testing, Mobile Testing | Sauce Lab] but found [Cross Browser Testing, Selenium Testing, Mobile Testing | Sauce Labs]">
      <![CDATA[java.lang.AssertionError: Title did not match expected [Cross Browser Testing, Selenium Testing, Mobile Testing | Sauce Lab] but found [Cross Browser Testing, Selenium Testing, Mobile Testing | Sauce Labs]
at testcases.SauceLabsMainWebsiteTest.VerifingSauceTitleTest(SauceLabsMainWebsiteTest.java:38)
at java.util.ArrayList.forEach(Unknown Source)
... Removed 32 stack frames]]>
    </failure>
  </testcase> <!-- VerifingSauceTitleTest -->
  <testcase name="navigateToReadMorePageTest" time="30.145" classname="testcases.SauceLabsMainWebsiteTest"/>
  <testcase name="navigateToPricingTest" time="8.855" classname="testcases.SauceLabsMainWebsiteTest"/>
  <testcase name="choosingPlanTest" time="3.328" classname="testcases.PricingTest"/>
  <testcase name="sortingPrices" time="18.67" classname="testcases.PricingTest"/>
  <testcase name="verifyPricePageTitle" time="0.006" classname="testcases.PricingTest"/>
  <testcase name="carouselTest" time="17.923" classname="testcases.CrossBrowserTesting"/>
</testsuite> <!-- Test -->
